<?xml version="1.0" encoding="UTF-8"?>
<!-- Generated by org.testng.reporters.JUnitReportReporter -->
<testsuite hostname="DESKTOP-L5FPDVB" failures="0" tests="1" name="DataDrivenExcel.ExcelDataDriven.MainTest" time="0.000" errors="0" timestamp="2022-11-17T00:13:33 IST" skipped="1">
  <testcase classname="DataDrivenExcel.ExcelDataDriven.MainTest" name="testrun" time="0.000">
    <skipped/>
  </testcase> <!-- testrun -->
  <system-out/>
</testsuite> <!-- DataDrivenExcel.ExcelDataDriven.MainTest -->
